<?xml version="1.0" encoding="UTF-8"?>
<testsuite name="ch.fhnw.algd2.collections.list.stack.MyStackTest" tests="6" skipped="0" failures="0" errors="0" timestamp="2022-03-03T06:16:44" hostname="LAPTOP-UPI5PUTL" time="0.012">
  <properties/>
  <testcase name="peek_EmptyStack_EmptyStackException" classname="ch.fhnw.algd2.collections.list.stack.MyStackTest" time="0.002"/>
  <testcase name="pop_EmptyStack_EmptyStackException" classname="ch.fhnw.algd2.collections.list.stack.MyStackTest" time="0.001"/>
  <testcase name="empty_EmptyStack_True" classname="ch.fhnw.algd2.collections.list.stack.MyStackTest" time="0.001"/>
  <testcase name="testPushAndPop_OnEmptyStack_OnlyTopLevelElementIsRemoved" classname="ch.fhnw.algd2.collections.list.stack.MyStackTest" time="0.001"/>
  <testcase name="testPushAndPop_OnEmptyStack_AllElementsPushedAndPopped" classname="ch.fhnw.algd2.collections.list.stack.MyStackTest" time="0.001"/>
  <testcase name="peek_OneElementAdded_CanPeekMultipleTimesWithoutPop" classname="ch.fhnw.algd2.collections.list.stack.MyStackTest" time="0.001"/>
  <system-out><![CDATA[]]></system-out>
  <system-err><![CDATA[]]></system-err>
</testsuite>
